<?xml version="1.0" encoding="UTF-8"?>
<!-- Generated by org.testng.reporters.JUnitReportReporter -->
<testsuite hostname="WONDR9LGW9M6C2" failures="0" tests="11" name="com.qa.opencart.test.AccountsPageTest" time="100.247" errors="0" timestamp="2022-12-24T20:49:19 IST" skipped="0">
  <testcase classname="com.qa.opencart.test.AccountsPageTest" name="accPageTitleTest" time="0.003"/>
  <system-out/>
  <testcase classname="com.qa.opencart.test.AccountsPageTest" name="accPageHeaderTest" time="0.893"/>
  <system-out/>
  <testcase classname="com.qa.opencart.test.AccountsPageTest" name="isLogoutExistTest" time="1.420"/>
  <system-out/>
  <testcase classname="com.qa.opencart.test.AccountsPageTest" name="accPageSectionsTest" time="0.759"/>
  <system-out/>
  <testcase classname="com.qa.opencart.test.AccountsPageTest" name="searchTest" time="5.490"/>
  <system-out/>
  <testcase classname="com.qa.opencart.test.AccountsPageTest" name="searchTest" time="19.519"/>
  <system-out/>
  <testcase classname="com.qa.opencart.test.AccountsPageTest" name="searchTest" time="27.550"/>
  <system-out/>
  <testcase classname="com.qa.opencart.test.AccountsPageTest" name="selectProductTest" time="6.375"/>
  <system-out/>
  <testcase classname="com.qa.opencart.test.AccountsPageTest" name="selectProductTest" time="11.301"/>
  <system-out/>
  <testcase classname="com.qa.opencart.test.AccountsPageTest" name="selectProductTest" time="8.878"/>
  <system-out/>
  <testcase classname="com.qa.opencart.test.AccountsPageTest" name="selectProductTest" time="18.059"/>
  <system-out/>
</testsuite> <!-- com.qa.opencart.test.AccountsPageTest -->
