<?xml version="1.0" encoding="UTF-8"?>
<!-- Generated by org.testng.reporters.JUnitReportReporter -->
<testsuite hostname="WONDR9LGW9M6C2" failures="0" tests="3" name="com.qa.opencart.test.ProductInfoPageTest" time="66.722" errors="0" timestamp="2022-12-24T20:49:19 IST" skipped="0">
  <testcase classname="com.qa.opencart.test.ProductInfoPageTest" name="productHeaderTest" time="35.902"/>
  <system-out/>
  <testcase classname="com.qa.opencart.test.ProductInfoPageTest" name="productImagesCountTest" time="10.766"/>
  <system-out/>
  <testcase classname="com.qa.opencart.test.ProductInfoPageTest" name="productInfoTest" time="20.054"/>
  <system-out/>
</testsuite> <!-- com.qa.opencart.test.ProductInfoPageTest -->
