<?xml version="1.0" encoding="UTF-8"?>
<!-- Generated by org.testng.reporters.JUnitReportReporter -->
<testsuite hostname="WONDR9LGW9M6C2" failures="0" tests="5" name="com.qa.opencart.test.LoginPagetest" time="9.375" errors="0" timestamp="2022-12-26T13:36:12 IST" skipped="0">
  <testcase classname="com.qa.opencart.test.LoginPagetest" name="loginPageTitleTest" time="0.317"/>
  <system-out/>
  <testcase classname="com.qa.opencart.test.LoginPagetest" name="loginPageHeaderTest" time="0.933"/>
  <system-out/>
  <testcase classname="com.qa.opencart.test.LoginPagetest" name="forgetPwdLinkTest" time="1.087"/>
  <system-out/>
  <testcase classname="com.qa.opencart.test.LoginPagetest" name="registerLinkTest" time="1.158"/>
  <system-out/>
  <testcase classname="com.qa.opencart.test.LoginPagetest" name="loginTest" time="5.880"/>
  <system-out/>
</testsuite> <!-- com.qa.opencart.test.LoginPagetest -->
