<?xml version="1.0" encoding="UTF-8"?>
<!-- Generated by org.testng.reporters.JUnitReportReporter -->
<testsuite hostname="WONDR9LGW9M6C2" failures="0" tests="5" name="com.qa.opencart.test.LoginPageTest" time="8.825" errors="0" timestamp="2022-12-26T12:02:35 IST" skipped="0">
  <testcase classname="com.qa.opencart.test.LoginPageTest" name="loginPageTitleTest" time="0.450"/>
  <system-out/>
  <testcase classname="com.qa.opencart.test.LoginPageTest" name="loginPageHeaderTest" time="0.879"/>
  <system-out/>
  <testcase classname="com.qa.opencart.test.LoginPageTest" name="forgetPwdLinkTest" time="0.837"/>
  <system-out/>
  <testcase classname="com.qa.opencart.test.LoginPageTest" name="registerLinkTest" time="0.950"/>
  <system-out/>
  <testcase classname="com.qa.opencart.test.LoginPageTest" name="loginTest" time="5.709"/>
  <system-out/>
</testsuite> <!-- com.qa.opencart.test.LoginPageTest -->
