<?xml version="1.0" encoding="UTF-8"?>
<!-- Generated by org.testng.reporters.JUnitReportReporter -->
<testsuite hostname="WONDR9LGW9M6C2" failures="0" tests="5" name="com.qa.opencart.test.LoginpageTest" time="2.805" errors="0" timestamp="2022-12-24T20:49:19 IST" skipped="0">
  <testcase classname="com.qa.opencart.test.LoginpageTest" name="loginpagetitletest" time="0.473"/>
  <system-out/>
  <testcase classname="com.qa.opencart.test.LoginpageTest" name="loginpageurltest" time="0.028"/>
  <system-out/>
  <testcase classname="com.qa.opencart.test.LoginpageTest" name="forgetpwdlinktest" time="0.227"/>
  <system-out/>
  <testcase classname="com.qa.opencart.test.LoginpageTest" name="registerlinktest" time="0.061"/>
  <system-out/>
  <testcase classname="com.qa.opencart.test.LoginpageTest" name="loginTest" time="2.016"/>
  <system-out/>
</testsuite> <!-- com.qa.opencart.test.LoginpageTest -->
