<?xml version="1.0" encoding="UTF-8"?>
<!-- Generated by org.testng.reporters.JUnitReportReporter -->
<testsuite hostname="WONDR9LGW9M6C2" failures="0" tests="5" name="com.qa.opencart.test.LoginPageTest" time="9.289" errors="0" timestamp="2022-12-25T21:31:27 IST" skipped="0">
  <testcase classname="com.qa.opencart.test.LoginPageTest" name="loginPageTitleTest" time="0.198"/>
  <system-out/>
  <testcase classname="com.qa.opencart.test.LoginPageTest" name="loginPageHeaderTest" time="0.938"/>
  <system-out/>
  <testcase classname="com.qa.opencart.test.LoginPageTest" name="forgetPwdLinkTest" time="1.073"/>
  <system-out/>
  <testcase classname="com.qa.opencart.test.LoginPageTest" name="registerLinkTest" time="0.841"/>
  <system-out/>
  <testcase classname="com.qa.opencart.test.LoginPageTest" name="loginTest" time="6.239"/>
  <system-out/>
</testsuite> <!-- com.qa.opencart.test.LoginPageTest -->
