<?xml version="1.0" encoding="UTF-8"?>
<!-- Generated by org.testng.reporters.JUnitReportReporter -->
<testsuite hostname="WONDR9LGW9M6C2" failures="0" tests="3" name="com.qa.opencart.test.ProductInfoPageTest" time="39.708" errors="0" timestamp="2022-12-25T21:31:27 IST" skipped="0">
  <testcase classname="com.qa.opencart.test.ProductInfoPageTest" name="productHeaderTest" time="8.753"/>
  <system-out/>
  <testcase classname="com.qa.opencart.test.ProductInfoPageTest" name="productImagesCountTest" time="9.837"/>
  <system-out/>
  <testcase classname="com.qa.opencart.test.ProductInfoPageTest" name="productInfoTest" time="21.118"/>
  <system-out/>
</testsuite> <!-- com.qa.opencart.test.ProductInfoPageTest -->
