<?xml version="1.0" encoding="UTF-8"?>
<!-- Generated by org.testng.reporters.JUnitReportReporter -->
<testsuite hostname="WONDR9LGW9M6C2" failures="0" tests="3" name="com.qa.opencart.test.ProductInfoPageTest" time="52.559" errors="0" timestamp="2022-12-26T12:02:35 IST" skipped="0">
  <testcase classname="com.qa.opencart.test.ProductInfoPageTest" name="productHeaderTest" time="11.883"/>
  <system-out/>
  <testcase classname="com.qa.opencart.test.ProductInfoPageTest" name="productImagesCountTest" time="14.473"/>
  <system-out/>
  <testcase classname="com.qa.opencart.test.ProductInfoPageTest" name="productInfoTest" time="26.203"/>
  <system-out/>
</testsuite> <!-- com.qa.opencart.test.ProductInfoPageTest -->
