<?xml version="1.0" encoding="UTF-8"?>
<!-- Generated by org.testng.reporters.JUnitReportReporter -->
<testsuite hostname="WONDR9LGW9M6C2" failures="0" tests="3" name="com.qa.opencart.test.ProductInfoPageTest" time="68.089" errors="0" timestamp="2022-12-24T17:29:35 IST" skipped="0">
  <testcase classname="com.qa.opencart.test.ProductInfoPageTest" name="productHeaderTest" time="22.510"/>
  <system-out/>
  <testcase classname="com.qa.opencart.test.ProductInfoPageTest" name="productImagesCountTest" time="28.780"/>
  <system-out/>
  <testcase classname="com.qa.opencart.test.ProductInfoPageTest" name="productInfoTest" time="16.799"/>
  <system-out/>
</testsuite> <!-- com.qa.opencart.test.ProductInfoPageTest -->
