<?xml version="1.0" encoding="UTF-8"?>
<!-- Generated by org.testng.reporters.JUnitReportReporter -->
<testsuite hostname="WONDR9LGW9M6C2" failures="0" tests="11" name="com.qa.opencart.test.AccountsPageTest" time="92.668" errors="0" timestamp="2022-12-24T17:29:35 IST" skipped="0">
  <testcase classname="com.qa.opencart.test.AccountsPageTest" name="accPageTitleTest" time="0.018"/>
  <system-out/>
  <testcase classname="com.qa.opencart.test.AccountsPageTest" name="accPageHeaderTest" time="1.211"/>
  <system-out/>
  <testcase classname="com.qa.opencart.test.AccountsPageTest" name="isLogoutExistTest" time="1.218"/>
  <system-out/>
  <testcase classname="com.qa.opencart.test.AccountsPageTest" name="accPageSectionsTest" time="1.045"/>
  <system-out/>
  <testcase classname="com.qa.opencart.test.AccountsPageTest" name="searchTest" time="4.413"/>
  <system-out/>
  <testcase classname="com.qa.opencart.test.AccountsPageTest" name="searchTest" time="6.866"/>
  <system-out/>
  <testcase classname="com.qa.opencart.test.AccountsPageTest" name="searchTest" time="4.898"/>
  <system-out/>
  <testcase classname="com.qa.opencart.test.AccountsPageTest" name="selectProductTest" time="9.910"/>
  <system-out/>
  <testcase classname="com.qa.opencart.test.AccountsPageTest" name="selectProductTest" time="11.346"/>
  <system-out/>
  <testcase classname="com.qa.opencart.test.AccountsPageTest" name="selectProductTest" time="36.008"/>
  <system-out/>
  <testcase classname="com.qa.opencart.test.AccountsPageTest" name="selectProductTest" time="15.735"/>
  <system-out/>
</testsuite> <!-- com.qa.opencart.test.AccountsPageTest -->
