<?xml version="1.0" encoding="UTF-8"?>
<!-- Generated by org.testng.reporters.JUnitReportReporter -->
<testsuite hostname="WONDR9LGW9M6C2" failures="0" tests="3" name="com.qa.opencart.test.ProductInfoPageTest" time="42.347" errors="0" timestamp="2022-12-26T13:36:12 IST" skipped="0">
  <testcase classname="com.qa.opencart.test.ProductInfoPageTest" name="productHeaderTest" time="12.185"/>
  <system-out/>
  <testcase classname="com.qa.opencart.test.ProductInfoPageTest" name="productImagesCountTest" time="13.366"/>
  <system-out/>
  <testcase classname="com.qa.opencart.test.ProductInfoPageTest" name="productInfoTest" time="16.796"/>
  <system-out/>
</testsuite> <!-- com.qa.opencart.test.ProductInfoPageTest -->
