<?xml version="1.0" encoding="UTF-8"?>
<!-- Generated by org.testng.reporters.JUnitReportReporter -->
<testsuite hostname="WONDR9LGW9M6C2" failures="0" tests="5" name="com.qa.opencart.test.LoginPagetest" time="9.710" errors="0" timestamp="2022-12-26T13:07:03 IST" skipped="0">
  <testcase classname="com.qa.opencart.test.LoginPagetest" name="loginPageTitleTest" time="0.922"/>
  <system-out/>
  <testcase classname="com.qa.opencart.test.LoginPagetest" name="loginPageHeaderTest" time="0.888"/>
  <system-out/>
  <testcase classname="com.qa.opencart.test.LoginPagetest" name="forgetPwdLinkTest" time="1.104"/>
  <system-out/>
  <testcase classname="com.qa.opencart.test.LoginPagetest" name="registerLinkTest" time="1.009"/>
  <system-out/>
  <testcase classname="com.qa.opencart.test.LoginPagetest" name="loginTest" time="5.787"/>
  <system-out/>
</testsuite> <!-- com.qa.opencart.test.LoginPagetest -->
