<?xml version="1.0" encoding="UTF-8"?>
<!-- Generated by org.testng.reporters.JUnitReportReporter -->
<testsuite hostname="WONDR9LGW9M6C2" failures="0" tests="5" name="com.qa.opencart.test.LoginpageTest" time="2.922" errors="0" timestamp="2022-12-24T17:54:36 IST" skipped="0">
  <testcase classname="com.qa.opencart.test.LoginpageTest" name="loginpagetitletest" time="0.214"/>
  <system-out/>
  <testcase classname="com.qa.opencart.test.LoginpageTest" name="loginpageurltest" time="0.051"/>
  <system-out/>
  <testcase classname="com.qa.opencart.test.LoginpageTest" name="forgetpwdlinktest" time="0.255"/>
  <system-out/>
  <testcase classname="com.qa.opencart.test.LoginpageTest" name="registerlinktest" time="0.084"/>
  <system-out/>
  <testcase classname="com.qa.opencart.test.LoginpageTest" name="loginTest" time="2.318"/>
  <system-out/>
</testsuite> <!-- com.qa.opencart.test.LoginpageTest -->
