<?xml version="1.0" encoding="UTF-8"?>
<!-- Generated by org.testng.reporters.JUnitReportReporter -->
<testsuite hostname="WONDR9LGW9M6C2" failures="0" tests="11" name="com.qa.opencart.test.AccountsPageTest" time="61.756" errors="0" timestamp="25 Dec 2022 15:49:39 GMT" skipped="0">
  <testcase classname="com.qa.opencart.test.AccountsPageTest" name="accPageTitleTest" time="0.004"/>
  <testcase classname="com.qa.opencart.test.AccountsPageTest" name="accPageHeaderTest" time="0.799"/>
  <testcase classname="com.qa.opencart.test.AccountsPageTest" name="isLogoutExistTest" time="0.845"/>
  <testcase classname="com.qa.opencart.test.AccountsPageTest" name="accPageSectionsTest" time="0.262"/>
  <testcase classname="com.qa.opencart.test.AccountsPageTest" name="searchTest" time="7.702"/>
  <testcase classname="com.qa.opencart.test.AccountsPageTest" name="searchTest" time="3.986"/>
  <testcase classname="com.qa.opencart.test.AccountsPageTest" name="searchTest" time="5.967"/>
  <testcase classname="com.qa.opencart.test.AccountsPageTest" name="selectProductTest" time="14.699"/>
  <testcase classname="com.qa.opencart.test.AccountsPageTest" name="selectProductTest" time="7.098"/>
  <testcase classname="com.qa.opencart.test.AccountsPageTest" name="selectProductTest" time="6.614"/>
  <testcase classname="com.qa.opencart.test.AccountsPageTest" name="selectProductTest" time="13.780"/>
</testsuite> <!-- com.qa.opencart.test.AccountsPageTest -->
