<?xml version="1.0" encoding="UTF-8"?>
<!-- Generated by org.testng.reporters.JUnitReportReporter -->
<testsuite hostname="WONDR9LGW9M6C2" failures="0" tests="5" name="com.qa.opencart.test.LoginpageTest" time="8.518" errors="0" timestamp="26 Dec 2022 08:42:19 GMT" skipped="0">
  <testcase classname="com.qa.opencart.test.LoginpageTest" name="loginPageTitleTest" time="0.143"/>
  <testcase classname="com.qa.opencart.test.LoginpageTest" name="loginPageHeaderTest" time="0.963"/>
  <testcase classname="com.qa.opencart.test.LoginpageTest" name="forgetPwdLinkTest" time="0.733"/>
  <testcase classname="com.qa.opencart.test.LoginpageTest" name="registerLinkTest" time="0.801"/>
  <testcase classname="com.qa.opencart.test.LoginpageTest" name="loginTest" time="5.878"/>
</testsuite> <!-- com.qa.opencart.test.LoginpageTest -->
