<?xml version="1.0" encoding="UTF-8"?>
<!-- Generated by org.testng.reporters.JUnitReportReporter -->
<testsuite hostname="WONDR9LGW9M6C2" failures="0" tests="5" name="com.qa.opencart.test.LoginPageTest" time="7.787" errors="0" timestamp="25 Dec 2022 15:50:24 GMT" skipped="0">
  <testcase classname="com.qa.opencart.test.LoginPageTest" name="loginPageTitleTest" time="0.002"/>
  <testcase classname="com.qa.opencart.test.LoginPageTest" name="loginPageHeaderTest" time="0.844"/>
  <testcase classname="com.qa.opencart.test.LoginPageTest" name="forgetPwdLinkTest" time="0.929"/>
  <testcase classname="com.qa.opencart.test.LoginPageTest" name="registerLinkTest" time="0.790"/>
  <testcase classname="com.qa.opencart.test.LoginPageTest" name="loginTest" time="5.222"/>
</testsuite> <!-- com.qa.opencart.test.LoginPageTest -->
