<?xml version="1.0" encoding="UTF-8"?>
<!-- Generated by org.testng.reporters.JUnitReportReporter -->
<testsuite hostname="WONDR9LGW9M6C2" failures="0" tests="5" name="com.qa.opencart.test.LoginPageTest" time="7.366" errors="0" timestamp="26 Dec 2022 06:41:14 GMT" skipped="0">
  <testcase classname="com.qa.opencart.test.LoginPageTest" name="loginPageTitleTest" time="0.054"/>
  <testcase classname="com.qa.opencart.test.LoginPageTest" name="loginPageHeaderTest" time="0.864"/>
  <testcase classname="com.qa.opencart.test.LoginPageTest" name="forgetPwdLinkTest" time="0.880"/>
  <testcase classname="com.qa.opencart.test.LoginPageTest" name="registerLinkTest" time="0.751"/>
  <testcase classname="com.qa.opencart.test.LoginPageTest" name="loginTest" time="4.817"/>
</testsuite> <!-- com.qa.opencart.test.LoginPageTest -->
