<?xml version="1.0" encoding="UTF-8"?>
<!-- Generated by org.testng.reporters.JUnitReportReporter -->
<testsuite hostname="WONDR9LGW9M6C2" failures="0" tests="11" name="com.qa.opencart.test.AccountsPageTest" time="48.280" errors="0" timestamp="26 Dec 2022 08:41:30 GMT" skipped="0">
  <testcase classname="com.qa.opencart.test.AccountsPageTest" name="accPageTitleTest" time="0.068"/>
  <testcase classname="com.qa.opencart.test.AccountsPageTest" name="accPageHeaderTest" time="0.847"/>
  <testcase classname="com.qa.opencart.test.AccountsPageTest" name="isLogoutExistTest" time="0.786"/>
  <testcase classname="com.qa.opencart.test.AccountsPageTest" name="accPageSectionsTest" time="0.268"/>
  <testcase classname="com.qa.opencart.test.AccountsPageTest" name="searchTest" time="6.364"/>
  <testcase classname="com.qa.opencart.test.AccountsPageTest" name="searchTest" time="6.941"/>
  <testcase classname="com.qa.opencart.test.AccountsPageTest" name="searchTest" time="6.048"/>
  <testcase classname="com.qa.opencart.test.AccountsPageTest" name="selectProductTest" time="7.051"/>
  <testcase classname="com.qa.opencart.test.AccountsPageTest" name="selectProductTest" time="5.949"/>
  <testcase classname="com.qa.opencart.test.AccountsPageTest" name="selectProductTest" time="7.827"/>
  <testcase classname="com.qa.opencart.test.AccountsPageTest" name="selectProductTest" time="6.131"/>
</testsuite> <!-- com.qa.opencart.test.AccountsPageTest -->
