<?xml version="1.0" encoding="UTF-8"?>
<!-- Generated by org.testng.reporters.JUnitReportReporter -->
<testsuite hostname="WONDR9LGW9M6C2" failures="0" tests="4" name="com.qa.opencart.test.RegistrationPageTest" time="62.065" errors="0" timestamp="26 Dec 2022 06:43:19 GMT" skipped="0">
  <testcase classname="com.qa.opencart.test.RegistrationPageTest" name="userRegistrationTest" time="17.207"/>
  <testcase classname="com.qa.opencart.test.RegistrationPageTest" name="userRegistrationTest" time="18.312"/>
  <testcase classname="com.qa.opencart.test.RegistrationPageTest" name="userRegistrationTest" time="13.215"/>
  <testcase classname="com.qa.opencart.test.RegistrationPageTest" name="userRegistrationTest" time="13.331"/>
</testsuite> <!-- com.qa.opencart.test.RegistrationPageTest -->
