<?xml version="1.0" encoding="UTF-8"?>
<!-- Generated by org.testng.reporters.JUnitReportReporter -->
<testsuite hostname="WONDR9LGW9M6C2" failures="0" tests="11" name="com.qa.opencart.test.AccountsPageTest" time="43.838" errors="0" timestamp="26 Dec 2022 06:40:31 GMT" skipped="0">
  <testcase classname="com.qa.opencart.test.AccountsPageTest" name="accPageTitleTest" time="0.091"/>
  <testcase classname="com.qa.opencart.test.AccountsPageTest" name="accPageHeaderTest" time="0.949"/>
  <testcase classname="com.qa.opencart.test.AccountsPageTest" name="isLogoutExistTest" time="1.087"/>
  <testcase classname="com.qa.opencart.test.AccountsPageTest" name="accPageSectionsTest" time="0.251"/>
  <testcase classname="com.qa.opencart.test.AccountsPageTest" name="searchTest" time="4.126"/>
  <testcase classname="com.qa.opencart.test.AccountsPageTest" name="searchTest" time="8.841"/>
  <testcase classname="com.qa.opencart.test.AccountsPageTest" name="searchTest" time="3.753"/>
  <testcase classname="com.qa.opencart.test.AccountsPageTest" name="selectProductTest" time="7.000"/>
  <testcase classname="com.qa.opencart.test.AccountsPageTest" name="selectProductTest" time="6.735"/>
  <testcase classname="com.qa.opencart.test.AccountsPageTest" name="selectProductTest" time="5.476"/>
  <testcase classname="com.qa.opencart.test.AccountsPageTest" name="selectProductTest" time="5.529"/>
</testsuite> <!-- com.qa.opencart.test.AccountsPageTest -->
